<?xml version="1.0" encoding="UTF-8" ?>
<testsuites>
<testsuite name="Youtube App Page" errors="0" tests="3" failures="3" time="20.793" timestamp="2015-01-19T16:52:52">
  <testcase classname="Youtube App Page" name="should have a title" time="NaN"><failure type="expect" message="UnknownError: JavaScript error (WARNING: The server did not provide any stacktrace information)
Command duration or timeout: 62 milliseconds
Build info: version: &amp;apos;2.44.0&amp;apos;, revision: &amp;apos;76d78cf&amp;apos;, time: &amp;apos;2014-10-23 20:02:37&amp;apos;
System info: host: &amp;apos;auto-win7-ie9&amp;apos;, ip: &amp;apos;192.168.6.238&amp;apos;, os.name: &amp;apos;Windows 7&amp;apos;, os.arch: &amp;apos;amd64&amp;apos;, os.version: &amp;apos;6.1&amp;apos;, java.version: &amp;apos;1.7.0_21&amp;apos;
Session ID: da849597-b2c0-42c7-8049-f9f9a1f723b0
Driver info: org.openqa.selenium.ie.InternetExplorerDriver
Capabilities [{platform=WINDOWS, javascriptEnabled=true, elementScrollBehavior=0, ignoreZoomSetting=false, enablePersistentHover=true, ie.ensureCleanSession=false, browserName=internet explorer, enableElementCacheCleanup=true, unexpectedAlertBehaviour=dismiss, version=11, ie.usePerProcessProxy=false, ignoreProtectedModeSettings=false, cssSelectorsEnabled=true, requireWindowFocus=false, initialBrowserUrl=http://localhost:46383/, handlesAlerts=true, ie.forceCreateProcessApi=false, nativeEvents=true, browserAttachTimeout=0, ie.browserCommandLineSwitches=, takesScreenshot=true}]">UnknownError: JavaScript error (WARNING: The server did not provide any stacktrace information)
Command duration or timeout: 62 milliseconds
Build info: version: &amp;apos;2.44.0&amp;apos;, revision: &amp;apos;76d78cf&amp;apos;, time: &amp;apos;2014-10-23 20:02:37&amp;apos;
System info: host: &amp;apos;auto-win7-ie9&amp;apos;, ip: &amp;apos;192.168.6.238&amp;apos;, os.name: &amp;apos;Windows 7&amp;apos;, os.arch: &amp;apos;amd64&amp;apos;, os.version: &amp;apos;6.1&amp;apos;, java.version: &amp;apos;1.7.0_21&amp;apos;
Session ID: da849597-b2c0-42c7-8049-f9f9a1f723b0
Driver info: org.openqa.selenium.ie.InternetExplorerDriver
Capabilities [{platform=WINDOWS, javascriptEnabled=true, elementScrollBehavior=0, ignoreZoomSetting=false, enablePersistentHover=true, ie.ensureCleanSession=false, browserName=internet explorer, enableElementCacheCleanup=true, unexpectedAlertBehaviour=dismiss, version=11, ie.usePerProcessProxy=false, ignoreProtectedModeSettings=false, cssSelectorsEnabled=true, requireWindowFocus=false, initialBrowserUrl=http://localhost:46383/, handlesAlerts=true, ie.forceCreateProcessApi=false, nativeEvents=true, browserAttachTimeout=0, ie.browserCommandLineSwitches=, takesScreenshot=true}]
    at new bot.Error (/home/mbenaissa/viadeo/LB/node_modules/protractor/node_modules/selenium-webdriver/lib/atoms/error.js:113:18)
    at Object.bot.response.checkResponse (/home/mbenaissa/viadeo/LB/node_modules/protractor/node_modules/selenium-webdriver/lib/atoms/response.js:106:9)
    at /home/mbenaissa/viadeo/LB/node_modules/protractor/node_modules/selenium-webdriver/lib/webdriver/webdriver.js:362:20
    at /home/mbenaissa/viadeo/LB/node_modules/protractor/node_modules/selenium-webdriver/lib/goog/base.js:1582:15
    at [object Object].webdriver.promise.ControlFlow.runInNewFrame_ (/home/mbenaissa/viadeo/LB/node_modules/protractor/node_modules/selenium-webdriver/lib/webdriver/promise.js:1654:20)
    at notify (/home/mbenaissa/viadeo/LB/node_modules/protractor/node_modules/selenium-webdriver/lib/webdriver/promise.js:465:12)
    at notifyAll (/home/mbenaissa/viadeo/LB/node_modules/protractor/node_modules/selenium-webdriver/lib/webdriver/promise.js:442:7)
    at resolve (/home/mbenaissa/viadeo/LB/node_modules/protractor/node_modules/selenium-webdriver/lib/webdriver/promise.js:420:7)
    at [object Object].fulfill (/home/mbenaissa/viadeo/LB/node_modules/protractor/node_modules/selenium-webdriver/lib/webdriver/promise.js:535:5)
    at /home/mbenaissa/viadeo/LB/node_modules/protractor/node_modules/selenium-webdriver/lib/webdriver/promise.js:1520:10
==== async task ====
Protractor.get(http://juliemr.github.io/protractor-demo/) - reset url
    at [object Object].webdriver.WebDriver.schedule (/home/mbenaissa/viadeo/LB/node_modules/protractor/node_modules/selenium-webdriver/lib/webdriver/webdriver.js:345:15)
    at [object Object].Protractor.executeScript_ (/home/mbenaissa/viadeo/LB/node_modules/protractor/lib/protractor.js:223:22)
    at [object Object].Protractor.get (/home/mbenaissa/viadeo/LB/node_modules/protractor/lib/protractor.js:440:8)
    at Object.youtubePage.openPage (/home/mbenaissa/viadeo/LB/test/e2e/selenium/pages/youtubePage.js:20:17)
    at [object Object].&amp;lt;anonymous&amp;gt; (/home/mbenaissa/viadeo/LB/test/e2e/selenium/tests/testSeleniumYoutube.js:8:19)
    at /home/mbenaissa/viadeo/LB/node_modules/protractor/node_modules/jasminewd/index.js:94:14
    at [object Object].webdriver.promise.ControlFlow.runInNewFrame_ (/home/mbenaissa/viadeo/LB/node_modules/protractor/node_modules/selenium-webdriver/lib/webdriver/promise.js:1654:20)
    at [object Object].webdriver.promise.ControlFlow.runEventLoop_ (/home/mbenaissa/viadeo/LB/node_modules/protractor/node_modules/selenium-webdriver/lib/webdriver/promise.js:1518:8)
    at [object Object].wrapper [as _onTimeout] (timers.js:261:14)
==== async task ====
Asynchronous test function: beforeEach()
    at [object Object].&amp;lt;anonymous&amp;gt; (/home/mbenaissa/viadeo/LB/node_modules/protractor/node_modules/jasminewd/index.js:93:33)
    at [object Object].&amp;lt;anonymous&amp;gt; (/home/mbenaissa/viadeo/LB/node_modules/protractor/node_modules/minijasminenode/lib/async-callback.js:45:37)
    at [object Object].jasmine.Block.execute (/home/mbenaissa/viadeo/LB/node_modules/protractor/node_modules/minijasminenode/lib/jasmine-1.3.1.js:1174:17)
    at [object Object].jasmine.Queue.next_ (/home/mbenaissa/viadeo/LB/node_modules/protractor/node_modules/minijasminenode/lib/jasmine-1.3.1.js:2209:31)
    at [object Object]._onTimeout (/home/mbenaissa/viadeo/LB/node_modules/protractor/node_modules/minijasminenode/lib/jasmine-1.3.1.js:2199:18)
    at Timer.listOnTimeout [as ontimeout] (timers.js:112:15)==== async task ====
Error
    at [object Object].&amp;lt;anonymous&amp;gt; (/home/mbenaissa/viadeo/LB/test/e2e/selenium/tests/testSeleniumYoutube.js:7:3)
    at [object Object].jasmine.Env.describe_ (/home/mbenaissa/viadeo/LB/node_modules/protractor/node_modules/minijasminenode/lib/jasmine-1.3.1.js:913:21)
    at [object Object].jasmine.Env.describe (/home/mbenaissa/viadeo/LB/node_modules/protractor/node_modules/minijasminenode/lib/jasmine-1.3.1.js:898:15)
    at describe (/home/mbenaissa/viadeo/LB/node_modules/protractor/node_modules/minijasminenode/lib/jasmine-1.3.1.js:658:27)
    at Object.&amp;lt;anonymous&amp;gt; (/home/mbenaissa/viadeo/LB/test/e2e/selenium/tests/testSeleniumYoutube.js:4:1)
    at Module._compile (module.js:456:26)
    at Object.Module._extensions..js (module.js:474:10)
    at Module.load (module.js:356:32)
    at Function.Module._load (module.js:312:12)</failure><failure type="expect" message="UnknownError: JavaScript error in async script. (WARNING: The server did not provide any stacktrace information)
Command duration or timeout: 78 milliseconds
Build info: version: &amp;apos;2.44.0&amp;apos;, revision: &amp;apos;76d78cf&amp;apos;, time: &amp;apos;2014-10-23 20:02:37&amp;apos;
System info: host: &amp;apos;auto-win7-ie9&amp;apos;, ip: &amp;apos;192.168.6.238&amp;apos;, os.name: &amp;apos;Windows 7&amp;apos;, os.arch: &amp;apos;amd64&amp;apos;, os.version: &amp;apos;6.1&amp;apos;, java.version: &amp;apos;1.7.0_21&amp;apos;
Session ID: da849597-b2c0-42c7-8049-f9f9a1f723b0
Driver info: org.openqa.selenium.ie.InternetExplorerDriver
Capabilities [{platform=WINDOWS, javascriptEnabled=true, elementScrollBehavior=0, ignoreZoomSetting=false, enablePersistentHover=true, ie.ensureCleanSession=false, browserName=internet explorer, enableElementCacheCleanup=true, unexpectedAlertBehaviour=dismiss, version=11, ie.usePerProcessProxy=false, ignoreProtectedModeSettings=false, cssSelectorsEnabled=true, requireWindowFocus=false, initialBrowserUrl=http://localhost:46383/, handlesAlerts=true, ie.forceCreateProcessApi=false, nativeEvents=true, browserAttachTimeout=0, ie.browserCommandLineSwitches=, takesScreenshot=true}]">UnknownError: JavaScript error in async script. (WARNING: The server did not provide any stacktrace information)
Command duration or timeout: 78 milliseconds
Build info: version: &amp;apos;2.44.0&amp;apos;, revision: &amp;apos;76d78cf&amp;apos;, time: &amp;apos;2014-10-23 20:02:37&amp;apos;
System info: host: &amp;apos;auto-win7-ie9&amp;apos;, ip: &amp;apos;192.168.6.238&amp;apos;, os.name: &amp;apos;Windows 7&amp;apos;, os.arch: &amp;apos;amd64&amp;apos;, os.version: &amp;apos;6.1&amp;apos;, java.version: &amp;apos;1.7.0_21&amp;apos;
Session ID: da849597-b2c0-42c7-8049-f9f9a1f723b0
Driver info: org.openqa.selenium.ie.InternetExplorerDriver
Capabilities [{platform=WINDOWS, javascriptEnabled=true, elementScrollBehavior=0, ignoreZoomSetting=false, enablePersistentHover=true, ie.ensureCleanSession=false, browserName=internet explorer, enableElementCacheCleanup=true, unexpectedAlertBehaviour=dismiss, version=11, ie.usePerProcessProxy=false, ignoreProtectedModeSettings=false, cssSelectorsEnabled=true, requireWindowFocus=false, initialBrowserUrl=http://localhost:46383/, handlesAlerts=true, ie.forceCreateProcessApi=false, nativeEvents=true, browserAttachTimeout=0, ie.browserCommandLineSwitches=, takesScreenshot=true}]
    at new bot.Error (/home/mbenaissa/viadeo/LB/node_modules/protractor/node_modules/selenium-webdriver/lib/atoms/error.js:113:18)
    at Object.bot.response.checkResponse (/home/mbenaissa/viadeo/LB/node_modules/protractor/node_modules/selenium-webdriver/lib/atoms/response.js:106:9)
    at /home/mbenaissa/viadeo/LB/node_modules/protractor/node_modules/selenium-webdriver/lib/webdriver/webdriver.js:362:20
    at /home/mbenaissa/viadeo/LB/node_modules/protractor/node_modules/selenium-webdriver/lib/goog/base.js:1582:15
    at [object Object].webdriver.promise.ControlFlow.runInNewFrame_ (/home/mbenaissa/viadeo/LB/node_modules/protractor/node_modules/selenium-webdriver/lib/webdriver/promise.js:1654:20)
    at notify (/home/mbenaissa/viadeo/LB/node_modules/protractor/node_modules/selenium-webdriver/lib/webdriver/promise.js:465:12)
    at notifyAll (/home/mbenaissa/viadeo/LB/node_modules/protractor/node_modules/selenium-webdriver/lib/webdriver/promise.js:442:7)
    at resolve (/home/mbenaissa/viadeo/LB/node_modules/protractor/node_modules/selenium-webdriver/lib/webdriver/promise.js:420:7)
    at [object Object].fulfill (/home/mbenaissa/viadeo/LB/node_modules/protractor/node_modules/selenium-webdriver/lib/webdriver/promise.js:535:5)
    at /home/mbenaissa/viadeo/LB/node_modules/protractor/node_modules/selenium-webdriver/lib/webdriver/promise.js:1520:10
==== async task ====
Protractor.waitForAngular()
    at [object Object].webdriver.WebDriver.schedule (/home/mbenaissa/viadeo/LB/node_modules/protractor/node_modules/selenium-webdriver/lib/webdriver/webdriver.js:345:15)
    at [object Object].Protractor.executeAsyncScript_ (/home/mbenaissa/viadeo/LB/node_modules/protractor/lib/protractor.js:247:26)
    at [object Object].Protractor.waitForAngular (/home/mbenaissa/viadeo/LB/node_modules/protractor/lib/protractor.js:270:15)
    at [object Object].to.(anonymous function) [as getTitle] (/home/mbenaissa/viadeo/LB/node_modules/protractor/lib/protractor.js:52:7)
    at Object.youtubePage.getTitle (/home/mbenaissa/viadeo/LB/test/e2e/selenium/pages/youtubePage.js:11:24)
    at [object Object].&amp;lt;anonymous&amp;gt; (/home/mbenaissa/viadeo/LB/test/e2e/selenium/tests/testSeleniumYoutube.js:14:24)
    at /home/mbenaissa/viadeo/LB/node_modules/protractor/node_modules/jasminewd/index.js:94:14
    at [object Object].webdriver.promise.ControlFlow.runInNewFrame_ (/home/mbenaissa/viadeo/LB/node_modules/protractor/node_modules/selenium-webdriver/lib/webdriver/promise.js:1654:20)
    at [object Object].webdriver.promise.ControlFlow.runEventLoop_ (/home/mbenaissa/viadeo/LB/node_modules/protractor/node_modules/selenium-webdriver/lib/webdriver/promise.js:1518:8)
==== async task ====
Asynchronous test function: it()
    at [object Object].&amp;lt;anonymous&amp;gt; (/home/mbenaissa/viadeo/LB/node_modules/protractor/node_modules/jasminewd/index.js:93:33)
    at [object Object].&amp;lt;anonymous&amp;gt; (/home/mbenaissa/viadeo/LB/node_modules/protractor/node_modules/minijasminenode/lib/async-callback.js:45:37)
    at [object Object].jasmine.Block.execute (/home/mbenaissa/viadeo/LB/node_modules/protractor/node_modules/minijasminenode/lib/jasmine-1.3.1.js:1174:17)
    at [object Object].jasmine.Queue.next_ (/home/mbenaissa/viadeo/LB/node_modules/protractor/node_modules/minijasminenode/lib/jasmine-1.3.1.js:2209:31)
    at [object Object]._onTimeout (/home/mbenaissa/viadeo/LB/node_modules/protractor/node_modules/minijasminenode/lib/jasmine-1.3.1.js:2199:18)
    at Timer.listOnTimeout [as ontimeout] (timers.js:112:15)==== async task ====
Error
    at [object Object].&amp;lt;anonymous&amp;gt; (/home/mbenaissa/viadeo/LB/test/e2e/selenium/tests/testSeleniumYoutube.js:13:3)
    at [object Object].jasmine.Env.describe_ (/home/mbenaissa/viadeo/LB/node_modules/protractor/node_modules/minijasminenode/lib/jasmine-1.3.1.js:913:21)
    at [object Object].jasmine.Env.describe (/home/mbenaissa/viadeo/LB/node_modules/protractor/node_modules/minijasminenode/lib/jasmine-1.3.1.js:898:15)
    at describe (/home/mbenaissa/viadeo/LB/node_modules/protractor/node_modules/minijasminenode/lib/jasmine-1.3.1.js:658:27)
    at Object.&amp;lt;anonymous&amp;gt; (/home/mbenaissa/viadeo/LB/test/e2e/selenium/tests/testSeleniumYoutube.js:4:1)
    at Module._compile (module.js:456:26)
    at Object.Module._extensions..js (module.js:474:10)
    at Module.load (module.js:356:32)
    at Function.Module._load (module.js:312:12)</failure></testcase>
  <testcase classname="Youtube App Page" name="should add one and two" time="10.325"><failure type="expect" message="timeout: timed out after 10000 msec waiting for spec to complete">timeout: timed out after 10000 msec waiting for spec to complete</failure></testcase>
  <testcase classname="Youtube App Page" name="should add four and six" time="10.455"><failure type="expect" message="timeout: timed out after 10000 msec waiting for spec to complete">timeout: timed out after 10000 msec waiting for spec to complete</failure></testcase>
</testsuite>
</testsuites>